# JRE version: OpenJDK Runtime Environment (8.0_152-b01) (build 1.8.0_152-release-915-b01)
# Java VM: OpenJDK 64-Bit Server VM (25.152-b01 mixed mode windows-amd64 compressed oops)
Heap:
 PSYoungGen      total 376320K, used 147984K [0x00000000e0000000, 0x00000000ffa80000, 0x0000000100000000)
  eden space 234496K, 63% used [0x00000000e0000000,0x00000000e90842d8,0x00000000ee500000)
  from space 141824K, 0% used [0x00000000f6f80000,0x00000000f6f80000,0x00000000ffa00000)
  to   space 141824K, 0% used [0x00000000ee500000,0x00000000ee500000,0x00000000f6f80000)
 ParOldGen       total 515584K, used 324619K [0x00000000a0000000, 0x00000000bf780000, 0x00000000e0000000)
  object space 515584K, 62% used [0x00000000a0000000,0x00000000b3d02d78,0x00000000bf780000)
 Metaspace       used 84942K, capacity 87043K, committed 95360K, reserved 1134592K
  class space    used 9479K, capacity 9941K, committed 11136K, reserved 1048576K
GC Heap History (10 events):
Event: 3819.771 GC heap before
{Heap before GC invocations=35 (full 6):
 PSYoungGen      total 358400K, used 229482K [0x00000000e0000000, 0x00000000ff500000, 0x0000000100000000)
  eden space 204800K, 100% used [0x00000000e0000000,0x00000000ec800000,0x00000000ec800000)
  from space 153600K, 16% used [0x00000000f5f00000,0x00000000f771aaa8,0x00000000ff500000)
  to   space 154112K, 0% used [0x00000000ec800000,0x00000000ec800000,0x00000000f5e80000)
 ParOldGen       total 515584K, used 396435K [0x00000000a0000000, 0x00000000bf780000, 0x00000000e0000000)
  object space 515584K, 76% used [0x00000000a0000000,0x00000000b8324f00,0x00000000bf780000)
 Metaspace       used 87776K, capacity 90291K, committed 90496K, reserved 1128448K
  class space    used 9825K, capacity 10463K, committed 10624K, reserved 1048576K
Event: 3819.792 GC heap after
Heap after GC invocations=35 (full 6):
 PSYoungGen      total 358912K, used 11959K [0x00000000e0000000, 0x00000000ffe80000, 0x0000000100000000)
  eden space 204800K, 0% used [0x00000000e0000000,0x00000000e0000000,0x00000000ec800000)
  from space 154112K, 7% used [0x00000000ec800000,0x00000000ed3adc20,0x00000000f5e80000)
  to   space 153088K, 0% used [0x00000000f6900000,0x00000000f6900000,0x00000000ffe80000)
 ParOldGen       total 515584K, used 416955K [0x00000000a0000000, 0x00000000bf780000, 0x00000000e0000000)
  object space 515584K, 80% used [0x00000000a0000000,0x00000000b972ee58,0x00000000bf780000)
 Metaspace       used 87776K, capacity 90291K, committed 90496K, reserved 1128448K
  class space    used 9825K, capacity 10463K, committed 10624K, reserved 1048576K
}
Event: 5756.906 GC heap before
{Heap before GC invocations=36 (full 6):
 PSYoungGen      total 358912K, used 216759K [0x00000000e0000000, 0x00000000ffe80000, 0x0000000100000000)
  eden space 204800K, 100% used [0x00000000e0000000,0x00000000ec800000,0x00000000ec800000)
  from space 154112K, 7% used [0x00000000ec800000,0x00000000ed3adc20,0x00000000f5e80000)
  to   space 153088K, 0% used [0x00000000f6900000,0x00000000f6900000,0x00000000ffe80000)
 ParOldGen       total 515584K, used 416955K [0x00000000a0000000, 0x00000000bf780000, 0x00000000e0000000)
  object space 515584K, 80% used [0x00000000a0000000,0x00000000b972ee58,0x00000000bf780000)
 Metaspace       used 88145K, capacity 90743K, committed 91008K, reserved 1130496K
  class space    used 9863K, capacity 10505K, committed 10624K, reserved 1048576K
Event: 5756.942 GC heap after
Heap after GC invocations=36 (full 6):
 PSYoungGen      total 359424K, used 32334K [0x00000000e0000000, 0x00000000ff400000, 0x0000000100000000)
  eden space 217088K, 0% used [0x00000000e0000000,0x00000000e0000000,0x00000000ed400000)
  from space 142336K, 22% used [0x00000000f6900000,0x00000000f8893978,0x00000000ff400000)
  to   space 147456K, 0% used [0x00000000ed400000,0x00000000ed400000,0x00000000f6400000)
 ParOldGen       total 515584K, used 425370K [0x00000000a0000000, 0x00000000bf780000, 0x00000000e0000000)
  object space 515584K, 82% used [0x00000000a0000000,0x00000000b9f66be0,0x00000000bf780000)
 Metaspace       used 88145K, capacity 90743K, committed 91008K, reserved 1130496K
  class space    used 9863K, capacity 10505K, committed 10624K, reserved 1048576K
}
Event: 5759.982 GC heap before
{Heap before GC invocations=37 (full 6):
 PSYoungGen      total 359424K, used 249422K [0x00000000e0000000, 0x00000000ff400000, 0x0000000100000000)
  eden space 217088K, 100% used [0x00000000e0000000,0x00000000ed400000,0x00000000ed400000)
  from space 142336K, 22% used [0x00000000f6900000,0x00000000f8893978,0x00000000ff400000)
  to   space 147456K, 0% used [0x00000000ed400000,0x00000000ed400000,0x00000000f6400000)
 ParOldGen       total 515584K, used 425370K [0x00000000a0000000, 0x00000000bf780000, 0x00000000e0000000)
  object space 515584K, 82% used [0x00000000a0000000,0x00000000b9f66be0,0x00000000bf780000)
 Metaspace       used 89231K, capacity 91777K, committed 91904K, reserved 1130496K
  class space    used 9977K, capacity 10652K, committed 10752K, reserved 1048576K
Event: 5760.001 GC heap after
Heap after GC invocations=37 (full 6):
 PSYoungGen      total 364544K, used 31395K [0x00000000e0000000, 0x00000000ffa00000, 0x0000000100000000)
  eden space 217088K, 0% used [0x00000000e0000000,0x00000000e0000000,0x00000000ed400000)
  from space 147456K, 21% used [0x00000000ed400000,0x00000000ef2a8de8,0x00000000f6400000)
  to   space 141824K, 0% used [0x00000000f6f80000,0x00000000f6f80000,0x00000000ffa00000)
 ParOldGen       total 515584K, used 428411K [0x00000000a0000000, 0x00000000bf780000, 0x00000000e0000000)
  object space 515584K, 83% used [0x00000000a0000000,0x00000000ba25ef38,0x00000000bf780000)
 Metaspace       used 89231K, capacity 91777K, committed 91904K, reserved 1130496K
  class space    used 9977K, capacity 10652K, committed 10752K, reserved 1048576K
}
Event: 6781.063 GC heap before
{Heap before GC invocations=38 (full 6):
 PSYoungGen      total 364544K, used 248483K [0x00000000e0000000, 0x00000000ffa00000, 0x0000000100000000)
  eden space 217088K, 100% used [0x00000000e0000000,0x00000000ed400000,0x00000000ed400000)
  from space 147456K, 21% used [0x00000000ed400000,0x00000000ef2a8de8,0x00000000f6400000)
  to   space 141824K, 0% used [0x00000000f6f80000,0x00000000f6f80000,0x00000000ffa00000)
 ParOldGen       total 515584K, used 428411K [0x00000000a0000000, 0x00000000bf780000, 0x00000000e0000000)
  object space 515584K, 83% used [0x00000000a0000000,0x00000000ba25ef38,0x00000000bf780000)
 Metaspace       used 92350K, capacity 95115K, committed 95360K, reserved 1134592K
  class space    used 10323K, capacity 11005K, committed 11136K, reserved 1048576K
Event: 6781.147 GC heap after
Heap after GC invocations=38 (full 6):
 PSYoungGen      total 376320K, used 76178K [0x00000000e0000000, 0x00000000ffa80000, 0x0000000100000000)
  eden space 234496K, 0% used [0x00000000e0000000,0x00000000e0000000,0x00000000ee500000)
  from space 141824K, 53% used [0x00000000f6f80000,0x00000000fb9e4978,0x00000000ffa00000)
  to   space 141824K, 0% used [0x00000000ee500000,0x00000000ee500000,0x00000000f6f80000)
 ParOldGen       total 515584K, used 452366K [0x00000000a0000000, 0x00000000bf780000, 0x00000000e0000000)
  object space 515584K, 87% used [0x00000000a0000000,0x00000000bb9c3a98,0x00000000bf780000)
 Metaspace       used 92350K, capacity 95115K, committed 95360K, reserved 1134592K
  class space    used 10323K, capacity 11005K, committed 11136K, reserved 1048576K
}
Event: 6781.147 GC heap before
{Heap before GC invocations=39 (full 7):
 PSYoungGen      total 376320K, used 76178K [0x00000000e0000000, 0x00000000ffa80000, 0x0000000100000000)
  eden space 234496K, 0% used [0x00000000e0000000,0x00000000e0000000,0x00000000ee500000)
  from space 141824K, 53% used [0x00000000f6f80000,0x00000000fb9e4978,0x00000000ffa00000)
  to   space 141824K, 0% used [0x00000000ee500000,0x00000000ee500000,0x00000000f6f80000)
 ParOldGen       total 515584K, used 452366K [0x00000000a0000000, 0x00000000bf780000, 0x00000000e0000000)
  object space 515584K, 87% used [0x00000000a0000000,0x00000000bb9c3a98,0x00000000bf780000)
 Metaspace       used 92350K, capacity 95115K, committed 95360K, reserved 1134592K
  class space    used 10323K, capacity 11005K, committed 11136K, reserved 1048576K
Event: 6782.636 GC heap after
Heap after GC invocations=39 (full 7):
 PSYoungGen      total 376320K, used 0K [0x00000000e0000000, 0x00000000ffa80000, 0x0000000100000000)
  eden space 234496K, 0% used [0x00000000e0000000,0x00000000e0000000,0x00000000ee500000)
  from space 141824K, 0% used [0x00000000f6f80000,0x00000000f6f80000,0x00000000ffa00000)
  to   space 141824K, 0% used [0x00000000ee500000,0x00000000ee500000,0x00000000f6f80000)
 ParOldGen       total 515584K, used 324619K [0x00000000a0000000, 0x00000000bf780000, 0x00000000e0000000)
  object space 515584K, 62% used [0x00000000a0000000,0x00000000b3d02d78,0x00000000bf780000)
 Metaspace       used 84200K, capacity 86291K, committed 95360K, reserved 1134592K
  class space    used 9399K, capacity 9865K, committed 11136K, reserved 1048576K
}

